[2023-04-17 02:12:11,871] INFO [Controller id=0 epoch=1] Sending UpdateMetadata request to brokers HashSet(0) for 0 partitions (state.change.logger)
[2023-04-17 02:12:23,870] INFO [Controller id=0 epoch=1] Changed partition test_topic-0 state from NonExistentPartition to NewPartition with assigned replicas 0 (state.change.logger)
[2023-04-17 02:12:23,870] INFO [Controller id=0 epoch=1] Changed partition test_topic-1 state from NonExistentPartition to NewPartition with assigned replicas 0 (state.change.logger)
[2023-04-17 02:12:23,870] INFO [Controller id=0 epoch=1] Changed partition test_topic-2 state from NonExistentPartition to NewPartition with assigned replicas 0 (state.change.logger)
[2023-04-17 02:12:23,870] INFO [Controller id=0 epoch=1] Sending UpdateMetadata request to brokers HashSet() for 0 partitions (state.change.logger)
[2023-04-17 02:12:23,874] INFO [Controller id=0 epoch=1] Sending UpdateMetadata request to brokers HashSet() for 0 partitions (state.change.logger)
[2023-04-17 02:12:23,921] INFO [Controller id=0 epoch=1] Changed partition test_topic-0 from NewPartition to OnlinePartition with state LeaderAndIsr(leader=0, leaderEpoch=0, isr=List(0), leaderRecoveryState=RECOVERED, partitionEpoch=0) (state.change.logger)
[2023-04-17 02:12:23,921] INFO [Controller id=0 epoch=1] Changed partition test_topic-1 from NewPartition to OnlinePartition with state LeaderAndIsr(leader=0, leaderEpoch=0, isr=List(0), leaderRecoveryState=RECOVERED, partitionEpoch=0) (state.change.logger)
[2023-04-17 02:12:23,921] INFO [Controller id=0 epoch=1] Changed partition test_topic-2 from NewPartition to OnlinePartition with state LeaderAndIsr(leader=0, leaderEpoch=0, isr=List(0), leaderRecoveryState=RECOVERED, partitionEpoch=0) (state.change.logger)
[2023-04-17 02:12:23,923] INFO [Controller id=0 epoch=1] Sending LeaderAndIsr request to broker 0 with 3 become-leader and 0 become-follower partitions (state.change.logger)
[2023-04-17 02:12:23,925] INFO [Controller id=0 epoch=1] Sending UpdateMetadata request to brokers HashSet(0) for 3 partitions (state.change.logger)
[2023-04-17 02:12:23,926] INFO [Controller id=0 epoch=1] Sending UpdateMetadata request to brokers HashSet() for 0 partitions (state.change.logger)
[2023-04-17 02:12:23,929] INFO [Broker id=0] Handling LeaderAndIsr request correlationId 1 from controller 0 for 3 partitions (state.change.logger)
[2023-04-17 02:12:23,955] INFO [Broker id=0] Stopped fetchers as part of LeaderAndIsr request correlationId 1 from controller 0 epoch 1 as part of the become-leader transition for 3 partitions (state.change.logger)
[2023-04-17 02:12:24,045] INFO [Broker id=0] Leader test_topic-0 with topic id Some(bQgAoWpNStKl3mgr2vHJ7g) starts at leader epoch 0 from offset 0 with partition epoch 0, high watermark 0, ISR [0], adding replicas [] and removing replicas []. Previous leader epoch was -1. (state.change.logger)
[2023-04-17 02:12:24,063] INFO [Broker id=0] Leader test_topic-1 with topic id Some(bQgAoWpNStKl3mgr2vHJ7g) starts at leader epoch 0 from offset 0 with partition epoch 0, high watermark 0, ISR [0], adding replicas [] and removing replicas []. Previous leader epoch was -1. (state.change.logger)
[2023-04-17 02:12:24,076] INFO [Broker id=0] Leader test_topic-2 with topic id Some(bQgAoWpNStKl3mgr2vHJ7g) starts at leader epoch 0 from offset 0 with partition epoch 0, high watermark 0, ISR [0], adding replicas [] and removing replicas []. Previous leader epoch was -1. (state.change.logger)
[2023-04-17 02:12:24,092] INFO [Broker id=0] Finished LeaderAndIsr request in 164ms correlationId 1 from controller 0 for 3 partitions (state.change.logger)
[2023-04-17 02:12:24,099] INFO [Broker id=0] Add 3 partitions and deleted 0 partitions from metadata cache in response to UpdateMetadata request sent by controller 0 epoch 1 with correlation id 2 (state.change.logger)
[2023-04-17 02:12:24,265] INFO [Controller id=0 epoch=1] Changed partition __consumer_offsets-22 state from NonExistentPartition to NewPartition with assigned replicas 0 (state.change.logger)
[2023-04-17 02:12:24,266] INFO [Controller id=0 epoch=1] Changed partition __consumer_offsets-30 state from NonExistentPartition to NewPartition with assigned replicas 0 (state.change.logger)
[2023-04-17 02:12:24,266] INFO [Controller id=0 epoch=1] Changed partition __consumer_offsets-25 state from NonExistentPartition to NewPartition with assigned replicas 0 (state.change.logger)
[2023-04-17 02:12:24,266] INFO [Controller id=0 epoch=1] Changed partition __consumer_offsets-35 state from NonExistentPartition to NewPartition with assigned replicas 0 (state.change.logger)
[2023-04-17 02:12:24,266] INFO [Controller id=0 epoch=1] Changed partition __consumer_offsets-37 state from NonExistentPartition to NewPartition with assigned replicas 0 (state.change.logger)
[2023-04-17 02:12:24,266] INFO [Controller id=0 epoch=1] Changed partition __consumer_offsets-38 state from NonExistentPartition to NewPartition with assigned replicas 0 (state.change.logger)
[2023-04-17 02:12:24,266] INFO [Controller id=0 epoch=1] Changed partition __consumer_offsets-13 state from NonExistentPartition to NewPartition with assigned replicas 0 (state.change.logger)
[2023-04-17 02:12:24,266] INFO [Controller id=0 epoch=1] Changed partition __consumer_offsets-8 state from NonExistentPartition to NewPartition with assigned replicas 0 (state.change.logger)
[2023-04-17 02:12:24,266] INFO [Controller id=0 epoch=1] Changed partition __consumer_offsets-21 state from NonExistentPartition to NewPartition with assigned replicas 0 (state.change.logger)
[2023-04-17 02:12:24,266] INFO [Controller id=0 epoch=1] Changed partition __consumer_offsets-4 state from NonExistentPartition to NewPartition with assigned replicas 0 (state.change.logger)
[2023-04-17 02:12:24,266] INFO [Controller id=0 epoch=1] Changed partition __consumer_offsets-27 state from NonExistentPartition to NewPartition with assigned replicas 0 (state.change.logger)
[2023-04-17 02:12:24,267] INFO [Controller id=0 epoch=1] Changed partition __consumer_offsets-7 state from NonExistentPartition to NewPartition with assigned replicas 0 (state.change.logger)
[2023-04-17 02:12:24,268] INFO [Controller id=0 epoch=1] Changed partition __consumer_offsets-9 state from NonExistentPartition to NewPartition with assigned replicas 0 (state.change.logger)
[2023-04-17 02:12:24,268] INFO [Controller id=0 epoch=1] Changed partition __consumer_offsets-46 state from NonExistentPartition to NewPartition with assigned replicas 0 (state.change.logger)
[2023-04-17 02:12:24,268] INFO [Controller id=0 epoch=1] Changed partition __consumer_offsets-41 state from NonExistentPartition to NewPartition with assigned replicas 0 (state.change.logger)
[2023-04-17 02:12:24,268] INFO [Controller id=0 epoch=1] Changed partition __consumer_offsets-33 state from NonExistentPartition to NewPartition with assigned replicas 0 (state.change.logger)
[2023-04-17 02:12:24,268] INFO [Controller id=0 epoch=1] Changed partition __consumer_offsets-23 state from NonExistentPartition to NewPartition with assigned replicas 0 (state.change.logger)
[2023-04-17 02:12:24,268] INFO [Controller id=0 epoch=1] Changed partition __consumer_offsets-49 state from NonExistentPartition to NewPartition with assigned replicas 0 (state.change.logger)
[2023-04-17 02:12:24,268] INFO [Controller id=0 epoch=1] Changed partition __consumer_offsets-47 state from NonExistentPartition to NewPartition with assigned replicas 0 (state.change.logger)
[2023-04-17 02:12:24,268] INFO [Controller id=0 epoch=1] Changed partition __consumer_offsets-16 state from NonExistentPartition to NewPartition with assigned replicas 0 (state.change.logger)
[2023-04-17 02:12:24,268] INFO [Controller id=0 epoch=1] Changed partition __consumer_offsets-28 state from NonExistentPartition to NewPartition with assigned replicas 0 (state.change.logger)
[2023-04-17 02:12:24,269] INFO [Controller id=0 epoch=1] Changed partition __consumer_offsets-31 state from NonExistentPartition to NewPartition with assigned replicas 0 (state.change.logger)
[2023-04-17 02:12:24,269] INFO [Controller id=0 epoch=1] Changed partition __consumer_offsets-36 state from NonExistentPartition to NewPartition with assigned replicas 0 (state.change.logger)
[2023-04-17 02:12:24,269] INFO [Controller id=0 epoch=1] Changed partition __consumer_offsets-42 state from NonExistentPartition to NewPartition with assigned replicas 0 (state.change.logger)
[2023-04-17 02:12:24,269] INFO [Controller id=0 epoch=1] Changed partition __consumer_offsets-3 state from NonExistentPartition to NewPartition with assigned replicas 0 (state.change.logger)
[2023-04-17 02:12:24,269] INFO [Controller id=0 epoch=1] Changed partition __consumer_offsets-18 state from NonExistentPartition to NewPartition with assigned replicas 0 (state.change.logger)
[2023-04-17 02:12:24,269] INFO [Controller id=0 epoch=1] Changed partition __consumer_offsets-15 state from NonExistentPartition to NewPartition with assigned replicas 0 (state.change.logger)
[2023-04-17 02:12:24,269] INFO [Controller id=0 epoch=1] Changed partition __consumer_offsets-24 state from NonExistentPartition to NewPartition with assigned replicas 0 (state.change.logger)
[2023-04-17 02:12:24,269] INFO [Controller id=0 epoch=1] Changed partition __consumer_offsets-17 state from NonExistentPartition to NewPartition with assigned replicas 0 (state.change.logger)
[2023-04-17 02:12:24,269] INFO [Controller id=0 epoch=1] Changed partition __consumer_offsets-48 state from NonExistentPartition to NewPartition with assigned replicas 0 (state.change.logger)
[2023-04-17 02:12:24,269] INFO [Controller id=0 epoch=1] Changed partition __consumer_offsets-19 state from NonExistentPartition to NewPartition with assigned replicas 0 (state.change.logger)
[2023-04-17 02:12:24,269] INFO [Controller id=0 epoch=1] Changed partition __consumer_offsets-11 state from NonExistentPartition to NewPartition with assigned replicas 0 (state.change.logger)
[2023-04-17 02:12:24,269] INFO [Controller id=0 epoch=1] Changed partition __consumer_offsets-2 state from NonExistentPartition to NewPartition with assigned replicas 0 (state.change.logger)
[2023-04-17 02:12:24,269] INFO [Controller id=0 epoch=1] Changed partition __consumer_offsets-43 state from NonExistentPartition to NewPartition with assigned replicas 0 (state.change.logger)
[2023-04-17 02:12:24,269] INFO [Controller id=0 epoch=1] Changed partition __consumer_offsets-6 state from NonExistentPartition to NewPartition with assigned replicas 0 (state.change.logger)
[2023-04-17 02:12:24,269] INFO [Controller id=0 epoch=1] Changed partition __consumer_offsets-14 state from NonExistentPartition to NewPartition with assigned replicas 0 (state.change.logger)
[2023-04-17 02:12:24,269] INFO [Controller id=0 epoch=1] Changed partition __consumer_offsets-20 state from NonExistentPartition to NewPartition with assigned replicas 0 (state.change.logger)
[2023-04-17 02:12:24,269] INFO [Controller id=0 epoch=1] Changed partition __consumer_offsets-0 state from NonExistentPartition to NewPartition with assigned replicas 0 (state.change.logger)
[2023-04-17 02:12:24,269] INFO [Controller id=0 epoch=1] Changed partition __consumer_offsets-44 state from NonExistentPartition to NewPartition with assigned replicas 0 (state.change.logger)
[2023-04-17 02:12:24,269] INFO [Controller id=0 epoch=1] Changed partition __consumer_offsets-39 state from NonExistentPartition to NewPartition with assigned replicas 0 (state.change.logger)
[2023-04-17 02:12:24,269] INFO [Controller id=0 epoch=1] Changed partition __consumer_offsets-12 state from NonExistentPartition to NewPartition with assigned replicas 0 (state.change.logger)
[2023-04-17 02:12:24,269] INFO [Controller id=0 epoch=1] Changed partition __consumer_offsets-45 state from NonExistentPartition to NewPartition with assigned replicas 0 (state.change.logger)
[2023-04-17 02:12:24,269] INFO [Controller id=0 epoch=1] Changed partition __consumer_offsets-1 state from NonExistentPartition to NewPartition with assigned replicas 0 (state.change.logger)
[2023-04-17 02:12:24,270] INFO [Controller id=0 epoch=1] Changed partition __consumer_offsets-5 state from NonExistentPartition to NewPartition with assigned replicas 0 (state.change.logger)
[2023-04-17 02:12:24,270] INFO [Controller id=0 epoch=1] Changed partition __consumer_offsets-26 state from NonExistentPartition to NewPartition with assigned replicas 0 (state.change.logger)
[2023-04-17 02:12:24,270] INFO [Controller id=0 epoch=1] Changed partition __consumer_offsets-29 state from NonExistentPartition to NewPartition with assigned replicas 0 (state.change.logger)
[2023-04-17 02:12:24,270] INFO [Controller id=0 epoch=1] Changed partition __consumer_offsets-34 state from NonExistentPartition to NewPartition with assigned replicas 0 (state.change.logger)
[2023-04-17 02:12:24,270] INFO [Controller id=0 epoch=1] Changed partition __consumer_offsets-10 state from NonExistentPartition to NewPartition with assigned replicas 0 (state.change.logger)
[2023-04-17 02:12:24,270] INFO [Controller id=0 epoch=1] Changed partition __consumer_offsets-32 state from NonExistentPartition to NewPartition with assigned replicas 0 (state.change.logger)
[2023-04-17 02:12:24,270] INFO [Controller id=0 epoch=1] Changed partition __consumer_offsets-40 state from NonExistentPartition to NewPartition with assigned replicas 0 (state.change.logger)
[2023-04-17 02:12:24,270] INFO [Controller id=0 epoch=1] Sending UpdateMetadata request to brokers HashSet() for 0 partitions (state.change.logger)
[2023-04-17 02:12:24,272] INFO [Controller id=0 epoch=1] Sending UpdateMetadata request to brokers HashSet() for 0 partitions (state.change.logger)
[2023-04-17 02:12:24,435] INFO [Controller id=0 epoch=1] Changed partition __consumer_offsets-22 from NewPartition to OnlinePartition with state LeaderAndIsr(leader=0, leaderEpoch=0, isr=List(0), leaderRecoveryState=RECOVERED, partitionEpoch=0) (state.change.logger)
[2023-04-17 02:12:24,436] INFO [Controller id=0 epoch=1] Changed partition __consumer_offsets-30 from NewPartition to OnlinePartition with state LeaderAndIsr(leader=0, leaderEpoch=0, isr=List(0), leaderRecoveryState=RECOVERED, partitionEpoch=0) (state.change.logger)
[2023-04-17 02:12:24,436] INFO [Controller id=0 epoch=1] Changed partition __consumer_offsets-25 from NewPartition to OnlinePartition with state LeaderAndIsr(leader=0, leaderEpoch=0, isr=List(0), leaderRecoveryState=RECOVERED, partitionEpoch=0) (state.change.logger)
[2023-04-17 02:12:24,436] INFO [Controller id=0 epoch=1] Changed partition __consumer_offsets-35 from NewPartition to OnlinePartition with state LeaderAndIsr(leader=0, leaderEpoch=0, isr=List(0), leaderRecoveryState=RECOVERED, partitionEpoch=0) (state.change.logger)
[2023-04-17 02:12:24,436] INFO [Controller id=0 epoch=1] Changed partition __consumer_offsets-37 from NewPartition to OnlinePartition with state LeaderAndIsr(leader=0, leaderEpoch=0, isr=List(0), leaderRecoveryState=RECOVERED, partitionEpoch=0) (state.change.logger)
[2023-04-17 02:12:24,436] INFO [Controller id=0 epoch=1] Changed partition __consumer_offsets-38 from NewPartition to OnlinePartition with state LeaderAndIsr(leader=0, leaderEpoch=0, isr=List(0), leaderRecoveryState=RECOVERED, partitionEpoch=0) (state.change.logger)
[2023-04-17 02:12:24,436] INFO [Controller id=0 epoch=1] Changed partition __consumer_offsets-13 from NewPartition to OnlinePartition with state LeaderAndIsr(leader=0, leaderEpoch=0, isr=List(0), leaderRecoveryState=RECOVERED, partitionEpoch=0) (state.change.logger)
[2023-04-17 02:12:24,436] INFO [Controller id=0 epoch=1] Changed partition __consumer_offsets-8 from NewPartition to OnlinePartition with state LeaderAndIsr(leader=0, leaderEpoch=0, isr=List(0), leaderRecoveryState=RECOVERED, partitionEpoch=0) (state.change.logger)
[2023-04-17 02:12:24,436] INFO [Controller id=0 epoch=1] Changed partition __consumer_offsets-21 from NewPartition to OnlinePartition with state LeaderAndIsr(leader=0, leaderEpoch=0, isr=List(0), leaderRecoveryState=RECOVERED, partitionEpoch=0) (state.change.logger)
[2023-04-17 02:12:24,436] INFO [Controller id=0 epoch=1] Changed partition __consumer_offsets-4 from NewPartition to OnlinePartition with state LeaderAndIsr(leader=0, leaderEpoch=0, isr=List(0), leaderRecoveryState=RECOVERED, partitionEpoch=0) (state.change.logger)
[2023-04-17 02:12:24,436] INFO [Controller id=0 epoch=1] Changed partition __consumer_offsets-27 from NewPartition to OnlinePartition with state LeaderAndIsr(leader=0, leaderEpoch=0, isr=List(0), leaderRecoveryState=RECOVERED, partitionEpoch=0) (state.change.logger)
[2023-04-17 02:12:24,436] INFO [Controller id=0 epoch=1] Changed partition __consumer_offsets-7 from NewPartition to OnlinePartition with state LeaderAndIsr(leader=0, leaderEpoch=0, isr=List(0), leaderRecoveryState=RECOVERED, partitionEpoch=0) (state.change.logger)
[2023-04-17 02:12:24,436] INFO [Controller id=0 epoch=1] Changed partition __consumer_offsets-9 from NewPartition to OnlinePartition with state LeaderAndIsr(leader=0, leaderEpoch=0, isr=List(0), leaderRecoveryState=RECOVERED, partitionEpoch=0) (state.change.logger)
[2023-04-17 02:12:24,436] INFO [Controller id=0 epoch=1] Changed partition __consumer_offsets-46 from NewPartition to OnlinePartition with state LeaderAndIsr(leader=0, leaderEpoch=0, isr=List(0), leaderRecoveryState=RECOVERED, partitionEpoch=0) (state.change.logger)
[2023-04-17 02:12:24,436] INFO [Controller id=0 epoch=1] Changed partition __consumer_offsets-41 from NewPartition to OnlinePartition with state LeaderAndIsr(leader=0, leaderEpoch=0, isr=List(0), leaderRecoveryState=RECOVERED, partitionEpoch=0) (state.change.logger)
[2023-04-17 02:12:24,437] INFO [Controller id=0 epoch=1] Changed partition __consumer_offsets-33 from NewPartition to OnlinePartition with state LeaderAndIsr(leader=0, leaderEpoch=0, isr=List(0), leaderRecoveryState=RECOVERED, partitionEpoch=0) (state.change.logger)
[2023-04-17 02:12:24,437] INFO [Controller id=0 epoch=1] Changed partition __consumer_offsets-23 from NewPartition to OnlinePartition with state LeaderAndIsr(leader=0, leaderEpoch=0, isr=List(0), leaderRecoveryState=RECOVERED, partitionEpoch=0) (state.change.logger)
[2023-04-17 02:12:24,437] INFO [Controller id=0 epoch=1] Changed partition __consumer_offsets-49 from NewPartition to OnlinePartition with state LeaderAndIsr(leader=0, leaderEpoch=0, isr=List(0), leaderRecoveryState=RECOVERED, partitionEpoch=0) (state.change.logger)
[2023-04-17 02:12:24,437] INFO [Controller id=0 epoch=1] Changed partition __consumer_offsets-47 from NewPartition to OnlinePartition with state LeaderAndIsr(leader=0, leaderEpoch=0, isr=List(0), leaderRecoveryState=RECOVERED, partitionEpoch=0) (state.change.logger)
[2023-04-17 02:12:24,437] INFO [Controller id=0 epoch=1] Changed partition __consumer_offsets-16 from NewPartition to OnlinePartition with state LeaderAndIsr(leader=0, leaderEpoch=0, isr=List(0), leaderRecoveryState=RECOVERED, partitionEpoch=0) (state.change.logger)
[2023-04-17 02:12:24,437] INFO [Controller id=0 epoch=1] Changed partition __consumer_offsets-28 from NewPartition to OnlinePartition with state LeaderAndIsr(leader=0, leaderEpoch=0, isr=List(0), leaderRecoveryState=RECOVERED, partitionEpoch=0) (state.change.logger)
[2023-04-17 02:12:24,437] INFO [Controller id=0 epoch=1] Changed partition __consumer_offsets-31 from NewPartition to OnlinePartition with state LeaderAndIsr(leader=0, leaderEpoch=0, isr=List(0), leaderRecoveryState=RECOVERED, partitionEpoch=0) (state.change.logger)
[2023-04-17 02:12:24,437] INFO [Controller id=0 epoch=1] Changed partition __consumer_offsets-36 from NewPartition to OnlinePartition with state LeaderAndIsr(leader=0, leaderEpoch=0, isr=List(0), leaderRecoveryState=RECOVERED, partitionEpoch=0) (state.change.logger)
[2023-04-17 02:12:24,437] INFO [Controller id=0 epoch=1] Changed partition __consumer_offsets-42 from NewPartition to OnlinePartition with state LeaderAndIsr(leader=0, leaderEpoch=0, isr=List(0), leaderRecoveryState=RECOVERED, partitionEpoch=0) (state.change.logger)
[2023-04-17 02:12:24,437] INFO [Controller id=0 epoch=1] Changed partition __consumer_offsets-3 from NewPartition to OnlinePartition with state LeaderAndIsr(leader=0, leaderEpoch=0, isr=List(0), leaderRecoveryState=RECOVERED, partitionEpoch=0) (state.change.logger)
[2023-04-17 02:12:24,437] INFO [Controller id=0 epoch=1] Changed partition __consumer_offsets-18 from NewPartition to OnlinePartition with state LeaderAndIsr(leader=0, leaderEpoch=0, isr=List(0), leaderRecoveryState=RECOVERED, partitionEpoch=0) (state.change.logger)
[2023-04-17 02:12:24,437] INFO [Controller id=0 epoch=1] Changed partition __consumer_offsets-15 from NewPartition to OnlinePartition with state LeaderAndIsr(leader=0, leaderEpoch=0, isr=List(0), leaderRecoveryState=RECOVERED, partitionEpoch=0) (state.change.logger)
[2023-04-17 02:12:24,437] INFO [Controller id=0 epoch=1] Changed partition __consumer_offsets-24 from NewPartition to OnlinePartition with state LeaderAndIsr(leader=0, leaderEpoch=0, isr=List(0), leaderRecoveryState=RECOVERED, partitionEpoch=0) (state.change.logger)
[2023-04-17 02:12:24,437] INFO [Controller id=0 epoch=1] Changed partition __consumer_offsets-17 from NewPartition to OnlinePartition with state LeaderAndIsr(leader=0, leaderEpoch=0, isr=List(0), leaderRecoveryState=RECOVERED, partitionEpoch=0) (state.change.logger)
[2023-04-17 02:12:24,437] INFO [Controller id=0 epoch=1] Changed partition __consumer_offsets-48 from NewPartition to OnlinePartition with state LeaderAndIsr(leader=0, leaderEpoch=0, isr=List(0), leaderRecoveryState=RECOVERED, partitionEpoch=0) (state.change.logger)
[2023-04-17 02:12:24,437] INFO [Controller id=0 epoch=1] Changed partition __consumer_offsets-19 from NewPartition to OnlinePartition with state LeaderAndIsr(leader=0, leaderEpoch=0, isr=List(0), leaderRecoveryState=RECOVERED, partitionEpoch=0) (state.change.logger)
[2023-04-17 02:12:24,437] INFO [Controller id=0 epoch=1] Changed partition __consumer_offsets-11 from NewPartition to OnlinePartition with state LeaderAndIsr(leader=0, leaderEpoch=0, isr=List(0), leaderRecoveryState=RECOVERED, partitionEpoch=0) (state.change.logger)
[2023-04-17 02:12:24,437] INFO [Controller id=0 epoch=1] Changed partition __consumer_offsets-2 from NewPartition to OnlinePartition with state LeaderAndIsr(leader=0, leaderEpoch=0, isr=List(0), leaderRecoveryState=RECOVERED, partitionEpoch=0) (state.change.logger)
[2023-04-17 02:12:24,437] INFO [Controller id=0 epoch=1] Changed partition __consumer_offsets-43 from NewPartition to OnlinePartition with state LeaderAndIsr(leader=0, leaderEpoch=0, isr=List(0), leaderRecoveryState=RECOVERED, partitionEpoch=0) (state.change.logger)
[2023-04-17 02:12:24,437] INFO [Controller id=0 epoch=1] Changed partition __consumer_offsets-6 from NewPartition to OnlinePartition with state LeaderAndIsr(leader=0, leaderEpoch=0, isr=List(0), leaderRecoveryState=RECOVERED, partitionEpoch=0) (state.change.logger)
[2023-04-17 02:12:24,437] INFO [Controller id=0 epoch=1] Changed partition __consumer_offsets-14 from NewPartition to OnlinePartition with state LeaderAndIsr(leader=0, leaderEpoch=0, isr=List(0), leaderRecoveryState=RECOVERED, partitionEpoch=0) (state.change.logger)
[2023-04-17 02:12:24,437] INFO [Controller id=0 epoch=1] Changed partition __consumer_offsets-20 from NewPartition to OnlinePartition with state LeaderAndIsr(leader=0, leaderEpoch=0, isr=List(0), leaderRecoveryState=RECOVERED, partitionEpoch=0) (state.change.logger)
[2023-04-17 02:12:24,437] INFO [Controller id=0 epoch=1] Changed partition __consumer_offsets-0 from NewPartition to OnlinePartition with state LeaderAndIsr(leader=0, leaderEpoch=0, isr=List(0), leaderRecoveryState=RECOVERED, partitionEpoch=0) (state.change.logger)
[2023-04-17 02:12:24,437] INFO [Controller id=0 epoch=1] Changed partition __consumer_offsets-44 from NewPartition to OnlinePartition with state LeaderAndIsr(leader=0, leaderEpoch=0, isr=List(0), leaderRecoveryState=RECOVERED, partitionEpoch=0) (state.change.logger)
[2023-04-17 02:12:24,437] INFO [Controller id=0 epoch=1] Changed partition __consumer_offsets-39 from NewPartition to OnlinePartition with state LeaderAndIsr(leader=0, leaderEpoch=0, isr=List(0), leaderRecoveryState=RECOVERED, partitionEpoch=0) (state.change.logger)
[2023-04-17 02:12:24,437] INFO [Controller id=0 epoch=1] Changed partition __consumer_offsets-12 from NewPartition to OnlinePartition with state LeaderAndIsr(leader=0, leaderEpoch=0, isr=List(0), leaderRecoveryState=RECOVERED, partitionEpoch=0) (state.change.logger)
[2023-04-17 02:12:24,437] INFO [Controller id=0 epoch=1] Changed partition __consumer_offsets-45 from NewPartition to OnlinePartition with state LeaderAndIsr(leader=0, leaderEpoch=0, isr=List(0), leaderRecoveryState=RECOVERED, partitionEpoch=0) (state.change.logger)
[2023-04-17 02:12:24,438] INFO [Controller id=0 epoch=1] Changed partition __consumer_offsets-1 from NewPartition to OnlinePartition with state LeaderAndIsr(leader=0, leaderEpoch=0, isr=List(0), leaderRecoveryState=RECOVERED, partitionEpoch=0) (state.change.logger)
[2023-04-17 02:12:24,438] INFO [Controller id=0 epoch=1] Changed partition __consumer_offsets-5 from NewPartition to OnlinePartition with state LeaderAndIsr(leader=0, leaderEpoch=0, isr=List(0), leaderRecoveryState=RECOVERED, partitionEpoch=0) (state.change.logger)
[2023-04-17 02:12:24,438] INFO [Controller id=0 epoch=1] Changed partition __consumer_offsets-26 from NewPartition to OnlinePartition with state LeaderAndIsr(leader=0, leaderEpoch=0, isr=List(0), leaderRecoveryState=RECOVERED, partitionEpoch=0) (state.change.logger)
[2023-04-17 02:12:24,438] INFO [Controller id=0 epoch=1] Changed partition __consumer_offsets-29 from NewPartition to OnlinePartition with state LeaderAndIsr(leader=0, leaderEpoch=0, isr=List(0), leaderRecoveryState=RECOVERED, partitionEpoch=0) (state.change.logger)
[2023-04-17 02:12:24,438] INFO [Controller id=0 epoch=1] Changed partition __consumer_offsets-34 from NewPartition to OnlinePartition with state LeaderAndIsr(leader=0, leaderEpoch=0, isr=List(0), leaderRecoveryState=RECOVERED, partitionEpoch=0) (state.change.logger)
[2023-04-17 02:12:24,438] INFO [Controller id=0 epoch=1] Changed partition __consumer_offsets-10 from NewPartition to OnlinePartition with state LeaderAndIsr(leader=0, leaderEpoch=0, isr=List(0), leaderRecoveryState=RECOVERED, partitionEpoch=0) (state.change.logger)
[2023-04-17 02:12:24,438] INFO [Controller id=0 epoch=1] Changed partition __consumer_offsets-32 from NewPartition to OnlinePartition with state LeaderAndIsr(leader=0, leaderEpoch=0, isr=List(0), leaderRecoveryState=RECOVERED, partitionEpoch=0) (state.change.logger)
[2023-04-17 02:12:24,438] INFO [Controller id=0 epoch=1] Changed partition __consumer_offsets-40 from NewPartition to OnlinePartition with state LeaderAndIsr(leader=0, leaderEpoch=0, isr=List(0), leaderRecoveryState=RECOVERED, partitionEpoch=0) (state.change.logger)
[2023-04-17 02:12:24,438] INFO [Controller id=0 epoch=1] Sending LeaderAndIsr request to broker 0 with 50 become-leader and 0 become-follower partitions (state.change.logger)
[2023-04-17 02:12:24,438] INFO [Controller id=0 epoch=1] Sending UpdateMetadata request to brokers HashSet(0) for 50 partitions (state.change.logger)
[2023-04-17 02:12:24,439] INFO [Controller id=0 epoch=1] Sending UpdateMetadata request to brokers HashSet() for 0 partitions (state.change.logger)
[2023-04-17 02:12:24,440] INFO [Broker id=0] Handling LeaderAndIsr request correlationId 3 from controller 0 for 50 partitions (state.change.logger)
[2023-04-17 02:12:24,462] INFO [Broker id=0] Stopped fetchers as part of LeaderAndIsr request correlationId 3 from controller 0 epoch 1 as part of the become-leader transition for 50 partitions (state.change.logger)
[2023-04-17 02:12:24,469] INFO [Broker id=0] Leader __consumer_offsets-3 with topic id Some(Ll7U26ntSTGcShefz21QXg) starts at leader epoch 0 from offset 0 with partition epoch 0, high watermark 0, ISR [0], adding replicas [] and removing replicas []. Previous leader epoch was -1. (state.change.logger)
[2023-04-17 02:12:24,479] INFO [Broker id=0] Leader __consumer_offsets-18 with topic id Some(Ll7U26ntSTGcShefz21QXg) starts at leader epoch 0 from offset 0 with partition epoch 0, high watermark 0, ISR [0], adding replicas [] and removing replicas []. Previous leader epoch was -1. (state.change.logger)
[2023-04-17 02:12:24,493] INFO [Broker id=0] Leader __consumer_offsets-41 with topic id Some(Ll7U26ntSTGcShefz21QXg) starts at leader epoch 0 from offset 0 with partition epoch 0, high watermark 0, ISR [0], adding replicas [] and removing replicas []. Previous leader epoch was -1. (state.change.logger)
[2023-04-17 02:12:24,507] INFO [Broker id=0] Leader __consumer_offsets-10 with topic id Some(Ll7U26ntSTGcShefz21QXg) starts at leader epoch 0 from offset 0 with partition epoch 0, high watermark 0, ISR [0], adding replicas [] and removing replicas []. Previous leader epoch was -1. (state.change.logger)
[2023-04-17 02:12:24,521] INFO [Broker id=0] Leader __consumer_offsets-33 with topic id Some(Ll7U26ntSTGcShefz21QXg) starts at leader epoch 0 from offset 0 with partition epoch 0, high watermark 0, ISR [0], adding replicas [] and removing replicas []. Previous leader epoch was -1. (state.change.logger)
[2023-04-17 02:12:24,533] INFO [Broker id=0] Leader __consumer_offsets-48 with topic id Some(Ll7U26ntSTGcShefz21QXg) starts at leader epoch 0 from offset 0 with partition epoch 0, high watermark 0, ISR [0], adding replicas [] and removing replicas []. Previous leader epoch was -1. (state.change.logger)
[2023-04-17 02:12:24,546] INFO [Broker id=0] Leader __consumer_offsets-19 with topic id Some(Ll7U26ntSTGcShefz21QXg) starts at leader epoch 0 from offset 0 with partition epoch 0, high watermark 0, ISR [0], adding replicas [] and removing replicas []. Previous leader epoch was -1. (state.change.logger)
[2023-04-17 02:12:24,559] INFO [Broker id=0] Leader __consumer_offsets-34 with topic id Some(Ll7U26ntSTGcShefz21QXg) starts at leader epoch 0 from offset 0 with partition epoch 0, high watermark 0, ISR [0], adding replicas [] and removing replicas []. Previous leader epoch was -1. (state.change.logger)
[2023-04-17 02:12:24,572] INFO [Broker id=0] Leader __consumer_offsets-4 with topic id Some(Ll7U26ntSTGcShefz21QXg) starts at leader epoch 0 from offset 0 with partition epoch 0, high watermark 0, ISR [0], adding replicas [] and removing replicas []. Previous leader epoch was -1. (state.change.logger)
[2023-04-17 02:12:24,617] INFO [Broker id=0] Leader __consumer_offsets-11 with topic id Some(Ll7U26ntSTGcShefz21QXg) starts at leader epoch 0 from offset 0 with partition epoch 0, high watermark 0, ISR [0], adding replicas [] and removing replicas []. Previous leader epoch was -1. (state.change.logger)
[2023-04-17 02:12:24,636] INFO [Broker id=0] Leader __consumer_offsets-26 with topic id Some(Ll7U26ntSTGcShefz21QXg) starts at leader epoch 0 from offset 0 with partition epoch 0, high watermark 0, ISR [0], adding replicas [] and removing replicas []. Previous leader epoch was -1. (state.change.logger)
[2023-04-17 02:12:24,653] INFO [Broker id=0] Leader __consumer_offsets-49 with topic id Some(Ll7U26ntSTGcShefz21QXg) starts at leader epoch 0 from offset 0 with partition epoch 0, high watermark 0, ISR [0], adding replicas [] and removing replicas []. Previous leader epoch was -1. (state.change.logger)
[2023-04-17 02:12:24,664] INFO [Broker id=0] Leader __consumer_offsets-39 with topic id Some(Ll7U26ntSTGcShefz21QXg) starts at leader epoch 0 from offset 0 with partition epoch 0, high watermark 0, ISR [0], adding replicas [] and removing replicas []. Previous leader epoch was -1. (state.change.logger)
[2023-04-17 02:12:24,678] INFO [Broker id=0] Leader __consumer_offsets-9 with topic id Some(Ll7U26ntSTGcShefz21QXg) starts at leader epoch 0 from offset 0 with partition epoch 0, high watermark 0, ISR [0], adding replicas [] and removing replicas []. Previous leader epoch was -1. (state.change.logger)
[2023-04-17 02:12:24,691] INFO [Broker id=0] Leader __consumer_offsets-24 with topic id Some(Ll7U26ntSTGcShefz21QXg) starts at leader epoch 0 from offset 0 with partition epoch 0, high watermark 0, ISR [0], adding replicas [] and removing replicas []. Previous leader epoch was -1. (state.change.logger)
[2023-04-17 02:12:24,707] INFO [Broker id=0] Leader __consumer_offsets-31 with topic id Some(Ll7U26ntSTGcShefz21QXg) starts at leader epoch 0 from offset 0 with partition epoch 0, high watermark 0, ISR [0], adding replicas [] and removing replicas []. Previous leader epoch was -1. (state.change.logger)
[2023-04-17 02:12:24,722] INFO [Broker id=0] Leader __consumer_offsets-46 with topic id Some(Ll7U26ntSTGcShefz21QXg) starts at leader epoch 0 from offset 0 with partition epoch 0, high watermark 0, ISR [0], adding replicas [] and removing replicas []. Previous leader epoch was -1. (state.change.logger)
[2023-04-17 02:12:24,740] INFO [Broker id=0] Leader __consumer_offsets-1 with topic id Some(Ll7U26ntSTGcShefz21QXg) starts at leader epoch 0 from offset 0 with partition epoch 0, high watermark 0, ISR [0], adding replicas [] and removing replicas []. Previous leader epoch was -1. (state.change.logger)
[2023-04-17 02:12:24,759] INFO [Broker id=0] Leader __consumer_offsets-16 with topic id Some(Ll7U26ntSTGcShefz21QXg) starts at leader epoch 0 from offset 0 with partition epoch 0, high watermark 0, ISR [0], adding replicas [] and removing replicas []. Previous leader epoch was -1. (state.change.logger)
[2023-04-17 02:12:24,777] INFO [Broker id=0] Leader __consumer_offsets-2 with topic id Some(Ll7U26ntSTGcShefz21QXg) starts at leader epoch 0 from offset 0 with partition epoch 0, high watermark 0, ISR [0], adding replicas [] and removing replicas []. Previous leader epoch was -1. (state.change.logger)
[2023-04-17 02:12:24,794] INFO [Broker id=0] Leader __consumer_offsets-25 with topic id Some(Ll7U26ntSTGcShefz21QXg) starts at leader epoch 0 from offset 0 with partition epoch 0, high watermark 0, ISR [0], adding replicas [] and removing replicas []. Previous leader epoch was -1. (state.change.logger)
[2023-04-17 02:12:24,806] INFO [Broker id=0] Leader __consumer_offsets-40 with topic id Some(Ll7U26ntSTGcShefz21QXg) starts at leader epoch 0 from offset 0 with partition epoch 0, high watermark 0, ISR [0], adding replicas [] and removing replicas []. Previous leader epoch was -1. (state.change.logger)
[2023-04-17 02:12:24,823] INFO [Broker id=0] Leader __consumer_offsets-47 with topic id Some(Ll7U26ntSTGcShefz21QXg) starts at leader epoch 0 from offset 0 with partition epoch 0, high watermark 0, ISR [0], adding replicas [] and removing replicas []. Previous leader epoch was -1. (state.change.logger)
[2023-04-17 02:12:24,836] INFO [Broker id=0] Leader __consumer_offsets-17 with topic id Some(Ll7U26ntSTGcShefz21QXg) starts at leader epoch 0 from offset 0 with partition epoch 0, high watermark 0, ISR [0], adding replicas [] and removing replicas []. Previous leader epoch was -1. (state.change.logger)
[2023-04-17 02:12:24,857] INFO [Broker id=0] Leader __consumer_offsets-32 with topic id Some(Ll7U26ntSTGcShefz21QXg) starts at leader epoch 0 from offset 0 with partition epoch 0, high watermark 0, ISR [0], adding replicas [] and removing replicas []. Previous leader epoch was -1. (state.change.logger)
[2023-04-17 02:12:24,870] INFO [Broker id=0] Leader __consumer_offsets-37 with topic id Some(Ll7U26ntSTGcShefz21QXg) starts at leader epoch 0 from offset 0 with partition epoch 0, high watermark 0, ISR [0], adding replicas [] and removing replicas []. Previous leader epoch was -1. (state.change.logger)
[2023-04-17 02:12:24,883] INFO [Broker id=0] Leader __consumer_offsets-7 with topic id Some(Ll7U26ntSTGcShefz21QXg) starts at leader epoch 0 from offset 0 with partition epoch 0, high watermark 0, ISR [0], adding replicas [] and removing replicas []. Previous leader epoch was -1. (state.change.logger)
[2023-04-17 02:12:24,895] INFO [Broker id=0] Leader __consumer_offsets-22 with topic id Some(Ll7U26ntSTGcShefz21QXg) starts at leader epoch 0 from offset 0 with partition epoch 0, high watermark 0, ISR [0], adding replicas [] and removing replicas []. Previous leader epoch was -1. (state.change.logger)
[2023-04-17 02:12:24,906] INFO [Broker id=0] Leader __consumer_offsets-29 with topic id Some(Ll7U26ntSTGcShefz21QXg) starts at leader epoch 0 from offset 0 with partition epoch 0, high watermark 0, ISR [0], adding replicas [] and removing replicas []. Previous leader epoch was -1. (state.change.logger)
[2023-04-17 02:12:24,919] INFO [Broker id=0] Leader __consumer_offsets-44 with topic id Some(Ll7U26ntSTGcShefz21QXg) starts at leader epoch 0 from offset 0 with partition epoch 0, high watermark 0, ISR [0], adding replicas [] and removing replicas []. Previous leader epoch was -1. (state.change.logger)
[2023-04-17 02:12:24,935] INFO [Broker id=0] Leader __consumer_offsets-14 with topic id Some(Ll7U26ntSTGcShefz21QXg) starts at leader epoch 0 from offset 0 with partition epoch 0, high watermark 0, ISR [0], adding replicas [] and removing replicas []. Previous leader epoch was -1. (state.change.logger)
[2023-04-17 02:12:24,948] INFO [Broker id=0] Leader __consumer_offsets-23 with topic id Some(Ll7U26ntSTGcShefz21QXg) starts at leader epoch 0 from offset 0 with partition epoch 0, high watermark 0, ISR [0], adding replicas [] and removing replicas []. Previous leader epoch was -1. (state.change.logger)
[2023-04-17 02:12:24,964] INFO [Broker id=0] Leader __consumer_offsets-38 with topic id Some(Ll7U26ntSTGcShefz21QXg) starts at leader epoch 0 from offset 0 with partition epoch 0, high watermark 0, ISR [0], adding replicas [] and removing replicas []. Previous leader epoch was -1. (state.change.logger)
[2023-04-17 02:12:24,978] INFO [Broker id=0] Leader __consumer_offsets-8 with topic id Some(Ll7U26ntSTGcShefz21QXg) starts at leader epoch 0 from offset 0 with partition epoch 0, high watermark 0, ISR [0], adding replicas [] and removing replicas []. Previous leader epoch was -1. (state.change.logger)
[2023-04-17 02:12:24,988] INFO [Broker id=0] Leader __consumer_offsets-45 with topic id Some(Ll7U26ntSTGcShefz21QXg) starts at leader epoch 0 from offset 0 with partition epoch 0, high watermark 0, ISR [0], adding replicas [] and removing replicas []. Previous leader epoch was -1. (state.change.logger)
[2023-04-17 02:12:25,003] INFO [Broker id=0] Leader __consumer_offsets-15 with topic id Some(Ll7U26ntSTGcShefz21QXg) starts at leader epoch 0 from offset 0 with partition epoch 0, high watermark 0, ISR [0], adding replicas [] and removing replicas []. Previous leader epoch was -1. (state.change.logger)
[2023-04-17 02:12:25,012] INFO [Broker id=0] Leader __consumer_offsets-30 with topic id Some(Ll7U26ntSTGcShefz21QXg) starts at leader epoch 0 from offset 0 with partition epoch 0, high watermark 0, ISR [0], adding replicas [] and removing replicas []. Previous leader epoch was -1. (state.change.logger)
[2023-04-17 02:12:25,027] INFO [Broker id=0] Leader __consumer_offsets-0 with topic id Some(Ll7U26ntSTGcShefz21QXg) starts at leader epoch 0 from offset 0 with partition epoch 0, high watermark 0, ISR [0], adding replicas [] and removing replicas []. Previous leader epoch was -1. (state.change.logger)
[2023-04-17 02:12:25,045] INFO [Broker id=0] Leader __consumer_offsets-35 with topic id Some(Ll7U26ntSTGcShefz21QXg) starts at leader epoch 0 from offset 0 with partition epoch 0, high watermark 0, ISR [0], adding replicas [] and removing replicas []. Previous leader epoch was -1. (state.change.logger)
[2023-04-17 02:12:25,066] INFO [Broker id=0] Leader __consumer_offsets-5 with topic id Some(Ll7U26ntSTGcShefz21QXg) starts at leader epoch 0 from offset 0 with partition epoch 0, high watermark 0, ISR [0], adding replicas [] and removing replicas []. Previous leader epoch was -1. (state.change.logger)
[2023-04-17 02:12:25,077] INFO [Broker id=0] Leader __consumer_offsets-20 with topic id Some(Ll7U26ntSTGcShefz21QXg) starts at leader epoch 0 from offset 0 with partition epoch 0, high watermark 0, ISR [0], adding replicas [] and removing replicas []. Previous leader epoch was -1. (state.change.logger)
[2023-04-17 02:12:25,089] INFO [Broker id=0] Leader __consumer_offsets-27 with topic id Some(Ll7U26ntSTGcShefz21QXg) starts at leader epoch 0 from offset 0 with partition epoch 0, high watermark 0, ISR [0], adding replicas [] and removing replicas []. Previous leader epoch was -1. (state.change.logger)
[2023-04-17 02:12:25,103] INFO [Broker id=0] Leader __consumer_offsets-42 with topic id Some(Ll7U26ntSTGcShefz21QXg) starts at leader epoch 0 from offset 0 with partition epoch 0, high watermark 0, ISR [0], adding replicas [] and removing replicas []. Previous leader epoch was -1. (state.change.logger)
[2023-04-17 02:12:25,119] INFO [Broker id=0] Leader __consumer_offsets-12 with topic id Some(Ll7U26ntSTGcShefz21QXg) starts at leader epoch 0 from offset 0 with partition epoch 0, high watermark 0, ISR [0], adding replicas [] and removing replicas []. Previous leader epoch was -1. (state.change.logger)
[2023-04-17 02:12:25,135] INFO [Broker id=0] Leader __consumer_offsets-21 with topic id Some(Ll7U26ntSTGcShefz21QXg) starts at leader epoch 0 from offset 0 with partition epoch 0, high watermark 0, ISR [0], adding replicas [] and removing replicas []. Previous leader epoch was -1. (state.change.logger)
[2023-04-17 02:12:25,152] INFO [Broker id=0] Leader __consumer_offsets-36 with topic id Some(Ll7U26ntSTGcShefz21QXg) starts at leader epoch 0 from offset 0 with partition epoch 0, high watermark 0, ISR [0], adding replicas [] and removing replicas []. Previous leader epoch was -1. (state.change.logger)
[2023-04-17 02:12:25,170] INFO [Broker id=0] Leader __consumer_offsets-6 with topic id Some(Ll7U26ntSTGcShefz21QXg) starts at leader epoch 0 from offset 0 with partition epoch 0, high watermark 0, ISR [0], adding replicas [] and removing replicas []. Previous leader epoch was -1. (state.change.logger)
[2023-04-17 02:12:25,181] INFO [Broker id=0] Leader __consumer_offsets-43 with topic id Some(Ll7U26ntSTGcShefz21QXg) starts at leader epoch 0 from offset 0 with partition epoch 0, high watermark 0, ISR [0], adding replicas [] and removing replicas []. Previous leader epoch was -1. (state.change.logger)
[2023-04-17 02:12:25,194] INFO [Broker id=0] Leader __consumer_offsets-13 with topic id Some(Ll7U26ntSTGcShefz21QXg) starts at leader epoch 0 from offset 0 with partition epoch 0, high watermark 0, ISR [0], adding replicas [] and removing replicas []. Previous leader epoch was -1. (state.change.logger)
[2023-04-17 02:12:25,207] INFO [Broker id=0] Leader __consumer_offsets-28 with topic id Some(Ll7U26ntSTGcShefz21QXg) starts at leader epoch 0 from offset 0 with partition epoch 0, high watermark 0, ISR [0], adding replicas [] and removing replicas []. Previous leader epoch was -1. (state.change.logger)
[2023-04-17 02:12:25,229] INFO [Broker id=0] Finished LeaderAndIsr request in 789ms correlationId 3 from controller 0 for 50 partitions (state.change.logger)
[2023-04-17 02:12:25,235] INFO [Broker id=0] Add 50 partitions and deleted 0 partitions from metadata cache in response to UpdateMetadata request sent by controller 0 epoch 1 with correlation id 4 (state.change.logger)
